<?xml version="1.0" encoding="UTF-8"?>
<!-- Generated by org.testng.reporters.JUnitXMLReporter -->
<testsuite ignored="19" hostname="DESKTOP-TADEQRB" failures="3" tests="6" name="Test" time="357.155" errors="0" timestamp="2024-07-09T18:55:42 IST">
  <testcase classname="group_Of_TestCases.groups" name="AddToCart" time="46.481"/>
  <testcase classname="group_Of_TestCases.groups" name="SearchBox_Functionality" time="11.204"/>
  <testcase classname="group_Of_TestCases.groups" name="VerifyHomePageLoads" time="0.219">
    <failure type="java.lang.AssertionError" message="expected [true] but found [false]">
      <![CDATA[java.lang.AssertionError: expected [true] but found [false]
at group_Of_TestCases.groups.VerifyHomePageLoads(groups.java:82)
at java.base/java.util.ArrayList.forEach(ArrayList.java:1511)
... Removed 31 stack frames]]>
    </failure>
  </testcase> <!-- VerifyHomePageLoads -->
  <testcase classname="group_Of_TestCases.groups" name="VerifyProductDetailsPage" time="25.625">
    <failure type="java.lang.AssertionError" message="expected [true] but found [false]">
      <![CDATA[java.lang.AssertionError: expected [true] but found [false]
at group_Of_TestCases.groups.VerifyProductDetailsPage(groups.java:383)
at java.base/java.util.ArrayList.forEach(ArrayList.java:1511)
... Removed 31 stack frames]]>
    </failure>
  </testcase> <!-- VerifyProductDetailsPage -->
  <testcase classname="group_Of_TestCases.groups" name="ViewCartTest" time="75.015"/>
  <testcase classname="group_Of_TestCases.groups" name="verifyProceedToCheckout" time="198.405">
    <failure type="java.lang.AssertionError" message="Test failed due to exception: java.util.concurrent.TimeoutException
Build info: version: &amp;apos;4.22.0&amp;apos;, revision: &amp;apos;c5f3146703*&amp;apos;
System info: os.name: &amp;apos;Windows 11&amp;apos;, os.arch: &amp;apos;amd64&amp;apos;, os.version: &amp;apos;10.0&amp;apos;, java.version: &amp;apos;17.0.9&amp;apos;
Driver info: org.openqa.selenium.chrome.ChromeDriver
Command: [7f31a494e85bc397f7169439edfc8462, clickElement {id=f.CC773835B00398E5AC4148342B761C1D.d.7059D65834BC5E5E21B30A5F88DC1DD8.e.1442}]
Capabilities {acceptInsecureCerts: false, browserName: chrome, browserVersion: 126.0.6478.127, chrome: {chromedriverVersion: 126.0.6478.126 (d36ace6122e..., userDataDir: C:\Users\hi\AppData\Local\T...}, fedcm:accounts: true, goog:chromeOptions: {debuggerAddress: localhost:50812}, networkConnectionEnabled: false, pageLoadStrategy: normal, platformName: windows, proxy: Proxy(), se:cdp: ws://localhost:50812/devtoo..., se:cdpVersion: 126.0.6478.127, setWindowRect: true, strictFileInteractability: false, timeouts: {implicit: 0, pageLoad: 300000, script: 30000}, unhandledPromptBehavior: dismiss and notify, webauthn:extension:credBlob: true, webauthn:extension:largeBlob: true, webauthn:extension:minPinLength: true, webauthn:extension:prf: true, webauthn:virtualAuthenticators: true}
Element: [[ChromeDriver: chrome on windows (7f31a494e85bc397f7169439edfc8462)] -&amp;gt; xpath: //div[@class=&amp;apos;products wrapper grid products-grid&amp;apos;]//li[1]]
Session ID: 7f31a494e85bc397f7169439edfc8462">
      <![CDATA[java.lang.AssertionError: Test failed due to exception: java.util.concurrent.TimeoutException
Build info: version: '4.22.0', revision: 'c5f3146703*'
System info: os.name: 'Windows 11', os.arch: 'amd64', os.version: '10.0', java.version: '17.0.9'
Driver info: org.openqa.selenium.chrome.ChromeDriver
Command: [7f31a494e85bc397f7169439edfc8462, clickElement {id=f.CC773835B00398E5AC4148342B761C1D.d.7059D65834BC5E5E21B30A5F88DC1DD8.e.1442}]
Capabilities {acceptInsecureCerts: false, browserName: chrome, browserVersion: 126.0.6478.127, chrome: {chromedriverVersion: 126.0.6478.126 (d36ace6122e..., userDataDir: C:\Users\hi\AppData\Local\T...}, fedcm:accounts: true, goog:chromeOptions: {debuggerAddress: localhost:50812}, networkConnectionEnabled: false, pageLoadStrategy: normal, platformName: windows, proxy: Proxy(), se:cdp: ws://localhost:50812/devtoo..., se:cdpVersion: 126.0.6478.127, setWindowRect: true, strictFileInteractability: false, timeouts: {implicit: 0, pageLoad: 300000, script: 30000}, unhandledPromptBehavior: dismiss and notify, webauthn:extension:credBlob: true, webauthn:extension:largeBlob: true, webauthn:extension:minPinLength: true, webauthn:extension:prf: true, webauthn:virtualAuthenticators: true}
Element: [[ChromeDriver: chrome on windows (7f31a494e85bc397f7169439edfc8462)] -> xpath: //div[@class='products wrapper grid products-grid']//li[1]]
Session ID: 7f31a494e85bc397f7169439edfc8462
at group_Of_TestCases.groups.verifyProceedToCheckout(groups.java:602)
at java.base/java.util.ArrayList.forEach(ArrayList.java:1511)
... Removed 28 stack frames]]>
    </failure>
  </testcase> <!-- verifyProceedToCheckout -->
  <testcase classname="group_Of_TestCases.groups" name="verifyGuestCheckout" time="0.0">
    <ignored/>
  </testcase> <!-- verifyGuestCheckout -->
  <testcase classname="group_Of_TestCases.groups" name="VerifyOrderConfirmationPage" time="0.0">
    <ignored/>
  </testcase> <!-- VerifyOrderConfirmationPage -->
  <testcase classname="group_Of_TestCases.groups" name="VerifyFilterBySize" time="0.0">
    <ignored/>
  </testcase> <!-- VerifyFilterBySize -->
  <testcase classname="group_Of_TestCases.groups" name="VerifyOrderHistory" time="0.0">
    <ignored/>
  </testcase> <!-- VerifyOrderHistory -->
  <testcase classname="group_Of_TestCases.groups" name="verifyLoginWithValidCredentials" time="0.0">
    <ignored/>
  </testcase> <!-- verifyLoginWithValidCredentials -->
  <testcase classname="group_Of_TestCases.groups" name="VerifyRegisteredUserCheckout" time="0.0">
    <ignored/>
  </testcase> <!-- VerifyRegisteredUserCheckout -->
  <testcase classname="group_Of_TestCases.groups" name="Create_Account" time="0.0">
    <ignored/>
  </testcase> <!-- Create_Account -->
  <testcase classname="group_Of_TestCases.groups" name="verifyNoResultsForInvalidQueries" time="0.0">
    <ignored/>
  </testcase> <!-- verifyNoResultsForInvalidQueries -->
  <testcase classname="group_Of_TestCases.groups" name="VerifyProductComparison" time="0.0">
    <ignored/>
  </testcase> <!-- VerifyProductComparison -->
  <testcase classname="group_Of_TestCases.groups" name="RemoveProductFromCart" time="0.0">
    <ignored/>
  </testcase> <!-- RemoveProductFromCart -->
  <testcase classname="group_Of_TestCases.groups" name="TestWishlistFunctionality" time="0.0">
    <ignored/>
  </testcase> <!-- TestWishlistFunctionality -->
  <testcase classname="group_Of_TestCases.groups" name="VerifyFilterByColor" time="0.0">
    <ignored/>
  </testcase> <!-- VerifyFilterByColor -->
  <testcase classname="group_Of_TestCases.groups" name="UpdateCartTest" time="0.0">
    <ignored/>
  </testcase> <!-- UpdateCartTest -->
  <testcase classname="group_Of_TestCases.groups" name="VerifyPasswordResetFunctionality" time="0.0">
    <ignored/>
  </testcase> <!-- VerifyPasswordResetFunctionality -->
  <testcase classname="group_Of_TestCases.groups" name="VerifySortingFunctionalityByPrice" time="0.0">
    <ignored/>
  </testcase> <!-- VerifySortingFunctionalityByPrice -->
  <testcase classname="group_Of_TestCases.groups" name="verifyLoginWithInValidCredentials" time="0.0">
    <ignored/>
  </testcase> <!-- verifyLoginWithInValidCredentials -->
  <testcase classname="group_Of_TestCases.groups" name="FilterByCategory" time="0.0">
    <ignored/>
  </testcase> <!-- FilterByCategory -->
  <testcase classname="group_Of_TestCases.groups" name="verifyPaymentGatewayIntegration" time="0.0">
    <ignored/>
  </testcase> <!-- verifyPaymentGatewayIntegration -->
  <testcase classname="group_Of_TestCases.groups" name="ProductReviewTest" time="0.0">
    <ignored/>
  </testcase> <!-- ProductReviewTest -->
</testsuite> <!-- Test -->
