<?xml version="1.0" encoding="UTF-8"?>
<!-- Generated by org.testng.reporters.JUnitReportReporter -->
<testsuite hostname="DESKTOP-TADEQRB" failures="1" tests="1" name="test_Cases.TC024_VerifyProductComparison" time="26.680" errors="0" timestamp="2024-07-09T08:20:11 IST" skipped="0">
  <testcase classname="test_Cases.TC024_VerifyProductComparison" name="VerifyProductComparison" time="26.680">
    <failure message="Test failed due to exception: element click intercepted: Element &lt;a href=&quot;#&quot; data-post=&quot;{&amp;quot;action&amp;quot;:&amp;quot;https:\/\/magento.softwaretestingboard.com\/catalog\/product_compare\/remove\/&amp;quot;,&amp;quot;data&amp;quot;:{&amp;quot;uenc&amp;quot;:&amp;quot;&amp;quot;,&amp;quot;product&amp;quot;:&amp;quot;712&amp;quot;,&amp;quot;confirmation&amp;quot;:true,&amp;quot;confirmationMessage&amp;quot;:&amp;quot;Are you sure you want to remove this item from your Compare Products list?&amp;quot;}}&quot; class=&quot;action delete&quot; title=&quot;Remove Product&quot;&gt;...&lt;/a&gt; is not clickable at point (613, 361). Other element would receive the click: &lt;div class=&quot;modals-overlay&quot; style=&quot;z-index: 901;&quot;&gt;&lt;/div&gt;
  (Session info: chrome=126.0.6478.127)
Build info: version: &#039;4.22.0&#039;, revision: &#039;c5f3146703*&#039;
System info: os.name: &#039;Windows 11&#039;, os.arch: &#039;amd64&#039;, os.version: &#039;10.0&#039;, java.version: &#039;17.0.9&#039;
Driver info: org.openqa.selenium.chrome.ChromeDriver
Command: [1152e0b230bb8df6a9711dd3f0b22881, clickElement {id=f.3BFDC6B78377132535DC9926657CC562.d.CD219955E836F1359CAE94D28C921243.e.740}]
Capabilities {acceptInsecureCerts: false, browserName: chrome, browserVersion: 126.0.6478.127, chrome: {chromedriverVersion: 126.0.6478.126 (d36ace6122e..., userDataDir: C:\Users\hi\AppData\Local\T...}, fedcm:accounts: true, goog:chromeOptions: {debuggerAddress: localhost:50831}, networkConnectionEnabled: false, pageLoadStrategy: normal, platformName: windows, proxy: Proxy(), se:cdp: ws://localhost:50831/devtoo..., se:cdpVersion: 126.0.6478.127, setWindowRect: true, strictFileInteractability: false, timeouts: {implicit: 0, pageLoad: 300000, script: 30000}, unhandledPromptBehavior: dismiss and notify, webauthn:extension:credBlob: true, webauthn:extension:largeBlob: true, webauthn:extension:minPinLength: true, webauthn:extension:prf: true, webauthn:virtualAuthenticators: true}
Element: [[ChromeDriver: chrome on windows (1152e0b230bb8df6a9711dd3f0b22881)] -&gt; xpath: //a[@class=&#039;action delete&#039;][1]]
Session ID: 1152e0b230bb8df6a9711dd3f0b22881" type="java.lang.AssertionError">
      <![CDATA[java.lang.AssertionError: Test failed due to exception: element click intercepted: Element <a href="#" data-post="{&quot;action&quot;:&quot;https:\/\/magento.softwaretestingboard.com\/catalog\/product_compare\/remove\/&quot;,&quot;data&quot;:{&quot;uenc&quot;:&quot;&quot;,&quot;product&quot;:&quot;712&quot;,&quot;confirmation&quot;:true,&quot;confirmationMessage&quot;:&quot;Are you sure you want to remove this item from your Compare Products list?&quot;}}" class="action delete" title="Remove Product">...</a> is not clickable at point (613, 361). Other element would receive the click: <div class="modals-overlay" style="z-index: 901;"></div>
  (Session info: chrome=126.0.6478.127)
Build info: version: '4.22.0', revision: 'c5f3146703*'
System info: os.name: 'Windows 11', os.arch: 'amd64', os.version: '10.0', java.version: '17.0.9'
Driver info: org.openqa.selenium.chrome.ChromeDriver
Command: [1152e0b230bb8df6a9711dd3f0b22881, clickElement {id=f.3BFDC6B78377132535DC9926657CC562.d.CD219955E836F1359CAE94D28C921243.e.740}]
Capabilities {acceptInsecureCerts: false, browserName: chrome, browserVersion: 126.0.6478.127, chrome: {chromedriverVersion: 126.0.6478.126 (d36ace6122e..., userDataDir: C:\Users\hi\AppData\Local\T...}, fedcm:accounts: true, goog:chromeOptions: {debuggerAddress: localhost:50831}, networkConnectionEnabled: false, pageLoadStrategy: normal, platformName: windows, proxy: Proxy(), se:cdp: ws://localhost:50831/devtoo..., se:cdpVersion: 126.0.6478.127, setWindowRect: true, strictFileInteractability: false, timeouts: {implicit: 0, pageLoad: 300000, script: 30000}, unhandledPromptBehavior: dismiss and notify, webauthn:extension:credBlob: true, webauthn:extension:largeBlob: true, webauthn:extension:minPinLength: true, webauthn:extension:prf: true, webauthn:virtualAuthenticators: true}
Element: [[ChromeDriver: chrome on windows (1152e0b230bb8df6a9711dd3f0b22881)] -> xpath: //a[@class='action delete'][1]]
Session ID: 1152e0b230bb8df6a9711dd3f0b22881
at org.testng.Assert.fail(Assert.java:111)
at test_Cases.TC024_VerifyProductComparison.VerifyProductComparison(TC024_VerifyProductComparison.java:94)
at java.base/jdk.internal.reflect.NativeMethodAccessorImpl.invoke0(Native Method)
at java.base/jdk.internal.reflect.NativeMethodAccessorImpl.invoke(NativeMethodAccessorImpl.java:77)
at java.base/jdk.internal.reflect.DelegatingMethodAccessorImpl.invoke(DelegatingMethodAccessorImpl.java:43)
at java.base/java.lang.reflect.Method.invoke(Method.java:568)
at org.testng.internal.invokers.MethodInvocationHelper.invokeMethod(MethodInvocationHelper.java:141)
at org.testng.internal.invokers.TestInvoker.invokeMethod(TestInvoker.java:686)
at org.testng.internal.invokers.TestInvoker.invokeTestMethod(TestInvoker.java:230)
at org.testng.internal.invokers.MethodRunner.runInSequence(MethodRunner.java:63)
at org.testng.internal.invokers.TestInvoker$MethodInvocationAgent.invoke(TestInvoker.java:992)
at org.testng.internal.invokers.TestInvoker.invokeTestMethods(TestInvoker.java:203)
at org.testng.internal.invokers.TestMethodWorker.invokeTestMethods(TestMethodWorker.java:154)
at org.testng.internal.invokers.TestMethodWorker.run(TestMethodWorker.java:134)
at java.base/java.util.ArrayList.forEach(ArrayList.java:1511)
at org.testng.TestRunner.privateRun(TestRunner.java:739)
at org.testng.TestRunner.run(TestRunner.java:614)
at org.testng.SuiteRunner.runTest(SuiteRunner.java:421)
at org.testng.SuiteRunner.runSequentially(SuiteRunner.java:413)
at org.testng.SuiteRunner.privateRun(SuiteRunner.java:373)
at org.testng.SuiteRunner.run(SuiteRunner.java:312)
at org.testng.SuiteRunnerWorker.runSuite(SuiteRunnerWorker.java:52)
at org.testng.SuiteRunnerWorker.run(SuiteRunnerWorker.java:95)
at org.testng.TestNG.runSuitesSequentially(TestNG.java:1274)
at org.testng.TestNG.runSuitesLocally(TestNG.java:1208)
at org.testng.TestNG.runSuites(TestNG.java:1112)
at org.testng.TestNG.run(TestNG.java:1079)
at org.testng.remote.AbstractRemoteTestNG.run(AbstractRemoteTestNG.java:115)
at org.testng.remote.RemoteTestNG.initAndRun(RemoteTestNG.java:293)
at org.testng.remote.RemoteTestNG.main(RemoteTestNG.java:91)
]]>
    </failure>
  </testcase> <!-- VerifyProductComparison -->
</testsuite> <!-- test_Cases.TC024_VerifyProductComparison -->
